2021-06-05 19:54:32,236 INFO o.a.j.u.JMeterUtils: Setting Locale to en_EN
2021-06-05 19:54:32,272 INFO o.a.j.JMeter: Loading user properties from: /home/rohit/.local/bin/jmeter/bin/user.properties
2021-06-05 19:54:32,273 INFO o.a.j.JMeter: Loading system properties from: /home/rohit/.local/bin/jmeter/bin/system.properties
2021-06-05 19:54:32,286 INFO o.a.j.JMeter: Copyright (c) 1998-2021 The Apache Software Foundation
2021-06-05 19:54:32,286 INFO o.a.j.JMeter: Version 5.4.1
2021-06-05 19:54:32,286 INFO o.a.j.JMeter: java.version=11.0.11
2021-06-05 19:54:32,286 INFO o.a.j.JMeter: java.vm.name=OpenJDK 64-Bit Server VM
2021-06-05 19:54:32,286 INFO o.a.j.JMeter: os.name=Linux
2021-06-05 19:54:32,286 INFO o.a.j.JMeter: os.arch=amd64
2021-06-05 19:54:32,287 INFO o.a.j.JMeter: os.version=5.4.72-microsoft-standard-WSL2
2021-06-05 19:54:32,287 INFO o.a.j.JMeter: file.encoding=UTF-8
2021-06-05 19:54:32,287 INFO o.a.j.JMeter: java.awt.headless=null
2021-06-05 19:54:32,287 INFO o.a.j.JMeter: Max memory     =1073741824
2021-06-05 19:54:32,287 INFO o.a.j.JMeter: Available Processors =8
2021-06-05 19:54:32,303 INFO o.a.j.JMeter: Default Locale=English (EN)
2021-06-05 19:54:32,303 INFO o.a.j.JMeter: JMeter  Locale=English (EN)
2021-06-05 19:54:32,303 INFO o.a.j.JMeter: JMeterHome=/home/rohit/.local/bin/jmeter
2021-06-05 19:54:32,303 INFO o.a.j.JMeter: user.dir  =/home/rohit/jmeter_task
2021-06-05 19:54:32,304 INFO o.a.j.JMeter: PWD       =/home/rohit/jmeter_task
2021-06-05 19:54:32,304 INFO o.a.j.JMeter: IP: 127.0.1.1 Name: bullst FullName: bullst.localdomain
2021-06-05 19:54:32,617 INFO o.a.j.JMeter: Setting LAF to: com.github.weisj.darklaf.DarkLaf:com.github.weisj.darklaf.theme.DarculaTheme
2021-06-05 19:54:34,216 INFO o.a.j.JMeter: Loaded icon properties from org/apache/jmeter/images/icon.properties
2021-06-05 19:54:43,142 INFO o.a.j.g.JMeterUIDefaults: Applying font scale factor: 1.1
2021-06-05 19:54:45,611 INFO o.a.j.g.JMeterUIDefaults: Applying font scale factor: 1.21
2021-06-05 19:54:48,232 INFO o.a.j.g.JMeterUIDefaults: Applying font scale factor: 1.3310001
2021-06-05 19:54:50,902 INFO o.a.j.g.JMeterUIDefaults: Applying font scale factor: 1.4641001
2021-06-05 19:54:58,352 INFO o.a.j.s.FileServer: Default base='/home/rohit/jmeter_task'
2021-06-05 19:54:58,360 INFO o.a.j.g.a.Load: Loading file: /home/rohit/jmeter_task/TokenBasedAuth.jmx
2021-06-05 19:54:58,361 INFO o.a.j.s.FileServer: Set new base='/home/rohit/jmeter_task'
2021-06-05 19:54:58,677 INFO o.a.j.s.SaveService: Testplan (JMX) version: 2.2. Testlog (JTL) version: 2.2
2021-06-05 19:54:58,704 INFO o.a.j.s.SaveService: Using SaveService properties version 5.0
2021-06-05 19:54:58,706 INFO o.a.j.s.SaveService: Using SaveService properties file encoding UTF-8
2021-06-05 19:54:58,708 INFO o.a.j.s.SaveService: Loading file: /home/rohit/jmeter_task/TokenBasedAuth.jmx
2021-06-05 19:54:58,754 INFO o.a.j.p.h.s.HTTPSamplerBase: Parser for text/html is org.apache.jmeter.protocol.http.parser.LagartoBasedHtmlParser
2021-06-05 19:54:58,754 INFO o.a.j.p.h.s.HTTPSamplerBase: Parser for application/xhtml+xml is org.apache.jmeter.protocol.http.parser.LagartoBasedHtmlParser
2021-06-05 19:54:58,754 INFO o.a.j.p.h.s.HTTPSamplerBase: Parser for application/xml is org.apache.jmeter.protocol.http.parser.LagartoBasedHtmlParser
2021-06-05 19:54:58,754 INFO o.a.j.p.h.s.HTTPSamplerBase: Parser for text/xml is org.apache.jmeter.protocol.http.parser.LagartoBasedHtmlParser
2021-06-05 19:54:58,755 INFO o.a.j.p.h.s.HTTPSamplerBase: Parser for text/vnd.wap.wml is org.apache.jmeter.protocol.http.parser.RegexpHTMLParser
2021-06-05 19:54:58,755 INFO o.a.j.p.h.s.HTTPSamplerBase: Parser for text/css is org.apache.jmeter.protocol.http.parser.CssParser
2021-06-05 19:54:58,790 INFO o.a.j.p.h.c.CookieManager: Settings: Delete null: true Check: false Allow variable: true Save: true Prefix: COOKIE_
2021-06-05 19:54:59,132 INFO o.a.j.s.SampleResult: Note: Sample TimeStamps are START times
2021-06-05 19:54:59,132 INFO o.a.j.s.SampleResult: sampleresult.default.encoding is set to ISO-8859-1
2021-06-05 19:54:59,133 INFO o.a.j.s.SampleResult: sampleresult.useNanoTime=true
2021-06-05 19:54:59,133 INFO o.a.j.s.SampleResult: sampleresult.nanoThreadSleep=5000
2021-06-05 19:54:59,398 INFO o.a.j.v.ViewResultsFullVisualizer: Add JavaFX to your Java installation if you want to use renderer: org.apache.jmeter.visualizers.RenderInBrowser
2021-06-05 19:54:59,611 INFO o.a.j.v.ViewResultsFullVisualizer: Add JavaFX to your Java installation if you want to use renderer: org.apache.jmeter.visualizers.RenderInBrowser
2021-06-05 19:55:00,051 INFO o.a.j.v.ViewResultsFullVisualizer: Add JavaFX to your Java installation if you want to use renderer: org.apache.jmeter.visualizers.RenderInBrowser
2021-06-05 19:55:00,113 INFO o.a.j.v.ViewResultsFullVisualizer: Add JavaFX to your Java installation if you want to use renderer: org.apache.jmeter.visualizers.RenderInBrowser
2021-06-05 19:55:00,225 INFO o.a.j.s.FileServer: Set new base='/home/rohit/jmeter_task'
